6294
6853
8430
8431
8432
8468
10028
10029
10376
10377
10378
10379
10380
10381
10382
10383
10384
10394
10395
10396
10397
10398
10399
10400
10401
10402
10421
10422
10423
10424
10425
10426
10427
10428
10429
10448
10466
10467
10468
10469
10470
10471
10472
10473
10474
10529
10530
10531
10532
10533
10534
10535
10536
10537
10583
10584
10585
10586
10587
10588
10589
10590
10591
10592
10594
10593
10595
10596
10598
10599
10597
10601
10602
10600
10603
10605
10604
10606
10607
10609
10610
10611
10608
10612
10613
10614
10615
10616
10618
10617
10711
10779
10780
10781
11320
11833
12125
12142
12145
12146
12147
12148
12149
12150
12151
12152
12153
12781
12787
12807
12810
12812
12813
14400
14738
14739
14740
14741
14742
14743
14753
14754
14755
14759
14760
14761
14762
14763
14764
14768
14769
14770
14771
14772
14773
14774
14775
14776
14777
14778
14779
15024
15028
15029
15030
15031
15032
15033
15034
15035
15036
15037
15038
15039
15244
15245
15246
15247
15248
15249
15252
15253
15254
15256
15257
15262
15264
15271
15281
15283
15286
15289
15299
15300
15312
15317
15320
15323
15332
15333
15335
15345
15349
15384
15389
15390
15486
15500
15501
15654
15967
15974
15975
15976
15977
15986
16098
16104
16111
16119
16162
16163
16235
16236
16238
16241
16243
16247
16251
16252
16253
16254
16256
16259
16263
16440
16441
16442
16443
16444
16445
16446
16447
16448
16449
16450
16451
16452
16453
16454
16455
16456
16457
16459
16461
16463
16464
16466
16468
16469
16555
16556
16557
16558
16559
16560
16561
16562
16563
16564
16565
16566
16569
16572
16575
16577
16578
16580
16582
18831
20226
20284
20291
20292
20293
